[0.014s] Invoking command in '/home/kargla/SerialRviz/build/serialRviz': CMAKE_PREFIX_PATH=/opt/ros/humble /usr/bin/cmake --build /home/kargla/SerialRviz/build/serialRviz -- -j12 -l12
[0.056s] [35m[1mConsolidate compiler generated dependencies of target serialRviz[0m
[0.069s] [100%] Built target serialRviz
[0.083s] Invoked command in '/home/kargla/SerialRviz/build/serialRviz' returned '0': CMAKE_PREFIX_PATH=/opt/ros/humble /usr/bin/cmake --build /home/kargla/SerialRviz/build/serialRviz -- -j12 -l12
[0.096s] Invoking command in '/home/kargla/SerialRviz/build/serialRviz': CMAKE_PREFIX_PATH=/opt/ros/humble /usr/bin/cmake --install /home/kargla/SerialRviz/build/serialRviz
[0.104s] -- Install configuration: ""
[0.104s] -- Up-to-date: /home/kargla/SerialRviz/install/serialRviz/lib/serialRviz/serialRviz
[0.104s] -- Up-to-date: /home/kargla/SerialRviz/install/serialRviz/share/ament_index/resource_index/package_run_dependencies/serialRviz
[0.104s] -- Up-to-date: /home/kargla/SerialRviz/install/serialRviz/share/ament_index/resource_index/parent_prefix_path/serialRviz
[0.104s] -- Up-to-date: /home/kargla/SerialRviz/install/serialRviz/share/serialRviz/environment/ament_prefix_path.sh
[0.105s] -- Up-to-date: /home/kargla/SerialRviz/install/serialRviz/share/serialRviz/environment/ament_prefix_path.dsv
[0.105s] -- Up-to-date: /home/kargla/SerialRviz/install/serialRviz/share/serialRviz/environment/path.sh
[0.105s] -- Up-to-date: /home/kargla/SerialRviz/install/serialRviz/share/serialRviz/environment/path.dsv
[0.105s] -- Up-to-date: /home/kargla/SerialRviz/install/serialRviz/share/serialRviz/local_setup.bash
[0.105s] -- Up-to-date: /home/kargla/SerialRviz/install/serialRviz/share/serialRviz/local_setup.sh
[0.105s] -- Up-to-date: /home/kargla/SerialRviz/install/serialRviz/share/serialRviz/local_setup.zsh
[0.106s] -- Up-to-date: /home/kargla/SerialRviz/install/serialRviz/share/serialRviz/local_setup.dsv
[0.106s] -- Up-to-date: /home/kargla/SerialRviz/install/serialRviz/share/serialRviz/package.dsv
[0.106s] -- Up-to-date: /home/kargla/SerialRviz/install/serialRviz/share/ament_index/resource_index/packages/serialRviz
[0.106s] -- Up-to-date: /home/kargla/SerialRviz/install/serialRviz/share/serialRviz/cmake/serialRvizConfig.cmake
[0.107s] -- Up-to-date: /home/kargla/SerialRviz/install/serialRviz/share/serialRviz/cmake/serialRvizConfig-version.cmake
[0.107s] -- Up-to-date: /home/kargla/SerialRviz/install/serialRviz/share/serialRviz/package.xml
[0.108s] Invoked command in '/home/kargla/SerialRviz/build/serialRviz' returned '0': CMAKE_PREFIX_PATH=/opt/ros/humble /usr/bin/cmake --install /home/kargla/SerialRviz/build/serialRviz
