[0.013s] Invoking command in '/home/kargla/SerialRviz/build/serialRviz': CMAKE_PREFIX_PATH=${CMAKE_PREFIX_PATH}:/opt/ros/humble /usr/bin/cmake --build /home/kargla/SerialRviz/build/serialRviz -- -j12 -l12
[0.037s] -- Found ament_cmake: 1.3.11 (/opt/ros/humble/share/ament_cmake/cmake)
[0.153s] -- Found rclcpp: 16.0.11 (/opt/ros/humble/share/rclcpp/cmake)
[0.179s] -- Found rosidl_generator_c: 3.1.6 (/opt/ros/humble/share/rosidl_generator_c/cmake)
[0.181s] -- Found rosidl_adapter: 3.1.6 (/opt/ros/humble/share/rosidl_adapter/cmake)
[0.187s] -- Found rosidl_generator_cpp: 3.1.6 (/opt/ros/humble/share/rosidl_generator_cpp/cmake)
[0.195s] -- Using all available rosidl_typesupport_c: rosidl_typesupport_fastrtps_c;rosidl_typesupport_introspection_c
[0.206s] -- Using all available rosidl_typesupport_cpp: rosidl_typesupport_fastrtps_cpp;rosidl_typesupport_introspection_cpp
[0.233s] -- Found rmw_implementation_cmake: 6.1.2 (/opt/ros/humble/share/rmw_implementation_cmake/cmake)
[0.233s] -- Found rmw_fastrtps_cpp: 6.2.7 (/opt/ros/humble/share/rmw_fastrtps_cpp/cmake)
[0.336s] -- Using RMW implementation 'rmw_fastrtps_cpp' as default
[0.389s] [31mCMake Error at CMakeLists.txt:11 (find_package):
[0.390s]   By not providing "Findserial.cmake" in CMAKE_MODULE_PATH this project has
[0.390s]   asked CMake to find a package configuration file provided by "serial", but
[0.390s]   CMake did not find one.
[0.390s] 
[0.390s]   Could not find a package configuration file provided by "serial" with any
[0.390s]   of the following names:
[0.390s] 
[0.390s]     serialConfig.cmake
[0.391s]     serial-config.cmake
[0.391s] 
[0.391s]   Add the installation prefix of "serial" to CMAKE_PREFIX_PATH or set
[0.391s]   "serial_DIR" to a directory containing one of the above files.  If "serial"
[0.391s]   provides a separate development package or SDK, be sure it has been
[0.391s]   installed.
[0.391s] 
[0.391s] [0m
[0.391s] -- Configuring incomplete, errors occurred!
[0.391s] See also "/home/kargla/SerialRviz/build/serialRviz/CMakeFiles/CMakeOutput.log".
[0.396s] gmake: *** [Makefile:267: cmake_check_build_system] Error 1
[0.399s] Invoked command in '/home/kargla/SerialRviz/build/serialRviz' returned '2': CMAKE_PREFIX_PATH=${CMAKE_PREFIX_PATH}:/opt/ros/humble /usr/bin/cmake --build /home/kargla/SerialRviz/build/serialRviz -- -j12 -l12
