[0.519s] Invoking command in '/home/kargla/SerialRviz/src/serialRviz': PYTHONPATH=/home/kargla/SerialRviz/build/serialRviz/prefix_override:/usr/lib/python3/dist-packages/colcon_core/task/python/colcon_distutils_commands:/home/kargla/SerialRviz/install/serialRviz/lib/python3.10/site-packages:${PYTHONPATH} /usr/bin/python3 -W ignore:setup.py install is deprecated -W ignore:easy_install command is deprecated setup.py egg_info --egg-base ../../build/serialRviz build --build-base /home/kargla/SerialRviz/build/serialRviz/build install --record /home/kargla/SerialRviz/build/serialRviz/install.log --single-version-externally-managed install_data
[0.718s] running egg_info
[0.718s] creating ../../build/serialRviz/serialRviz.egg-info
[0.719s] writing ../../build/serialRviz/serialRviz.egg-info/PKG-INFO
[0.719s] writing dependency_links to ../../build/serialRviz/serialRviz.egg-info/dependency_links.txt
[0.719s] writing entry points to ../../build/serialRviz/serialRviz.egg-info/entry_points.txt
[0.719s] writing requirements to ../../build/serialRviz/serialRviz.egg-info/requires.txt
[0.719s] writing top-level names to ../../build/serialRviz/serialRviz.egg-info/top_level.txt
[0.719s] writing manifest file '../../build/serialRviz/serialRviz.egg-info/SOURCES.txt'
[0.721s] reading manifest file '../../build/serialRviz/serialRviz.egg-info/SOURCES.txt'
[0.721s] adding license file 'LICENSE'
[0.722s] writing manifest file '../../build/serialRviz/serialRviz.egg-info/SOURCES.txt'
[0.722s] running build
[0.722s] running build_py
[0.722s] creating /home/kargla/SerialRviz/build/serialRviz/build
[0.722s] creating /home/kargla/SerialRviz/build/serialRviz/build/lib
[0.722s] creating /home/kargla/SerialRviz/build/serialRviz/build/lib/serialRviz
[0.722s] copying serialRviz/__init__.py -> /home/kargla/SerialRviz/build/serialRviz/build/lib/serialRviz
[0.722s] copying serialRviz/serial_rviz.py -> /home/kargla/SerialRviz/build/serialRviz/build/lib/serialRviz
[0.722s] running install
[0.723s] running install_lib
[0.724s] creating /home/kargla/SerialRviz/install/serialRviz/lib/python3.10/site-packages/serialRviz
[0.724s] copying /home/kargla/SerialRviz/build/serialRviz/build/lib/serialRviz/__init__.py -> /home/kargla/SerialRviz/install/serialRviz/lib/python3.10/site-packages/serialRviz
[0.724s] copying /home/kargla/SerialRviz/build/serialRviz/build/lib/serialRviz/serial_rviz.py -> /home/kargla/SerialRviz/install/serialRviz/lib/python3.10/site-packages/serialRviz
[0.724s] byte-compiling /home/kargla/SerialRviz/install/serialRviz/lib/python3.10/site-packages/serialRviz/__init__.py to __init__.cpython-310.pyc
[0.725s] byte-compiling /home/kargla/SerialRviz/install/serialRviz/lib/python3.10/site-packages/serialRviz/serial_rviz.py to serial_rviz.cpython-310.pyc
[0.725s] running install_data
[0.725s] copying resource/serialRviz -> /home/kargla/SerialRviz/install/serialRviz/share/ament_index/resource_index/packages
[0.726s] copying package.xml -> /home/kargla/SerialRviz/install/serialRviz/share/serialRviz
[0.726s] running install_egg_info
[0.728s] Copying ../../build/serialRviz/serialRviz.egg-info to /home/kargla/SerialRviz/install/serialRviz/lib/python3.10/site-packages/serialRviz-0.0.0-py3.10.egg-info
[0.729s] running install_scripts
[0.748s] Installing serial_rviz script to /home/kargla/SerialRviz/install/serialRviz/lib/serialRviz
[0.748s] writing list of installed files to '/home/kargla/SerialRviz/build/serialRviz/install.log'
[0.778s] Invoked command in '/home/kargla/SerialRviz/src/serialRviz' returned '0': PYTHONPATH=/home/kargla/SerialRviz/build/serialRviz/prefix_override:/usr/lib/python3/dist-packages/colcon_core/task/python/colcon_distutils_commands:/home/kargla/SerialRviz/install/serialRviz/lib/python3.10/site-packages:${PYTHONPATH} /usr/bin/python3 -W ignore:setup.py install is deprecated -W ignore:easy_install command is deprecated setup.py egg_info --egg-base ../../build/serialRviz build --build-base /home/kargla/SerialRviz/build/serialRviz/build install --record /home/kargla/SerialRviz/build/serialRviz/install.log --single-version-externally-managed install_data
