-- The C compiler identification is GNU 11.4.0
-- The CXX compiler identification is GNU 11.4.0
-- Detecting C compiler ABI info
-- Detecting C compiler ABI info - done
-- Check for working C compiler: /usr/bin/cc - skipped
-- Detecting C compile features
-- Detecting C compile features - done
-- Detecting CXX compiler ABI info
-- Detecting CXX compiler ABI info - done
-- Check for working CXX compiler: /usr/bin/c++ - skipped
-- Detecting CXX compile features
-- Detecting CXX compile features - done
-- Found ament_cmake: 1.3.11 (/opt/ros/humble/share/ament_cmake/cmake)
-- Found Python3: /usr/bin/python3 (found version "3.10.12") found components: Interpreter 
-- Found ament_lint_auto: 0.12.11 (/opt/ros/humble/share/ament_lint_auto/cmake)
WARNING: Package name "serialRviz" does not follow the naming conventions. It should start with a lower case letter and only contain lower case letters, digits, underscores, and dashes.
-- Added test 'cppcheck' to perform static code analysis on C / C++ code
-- Configured cppcheck include dirs: $<BUILD_INTERFACE:/home/kargla/SerialRviz/src/serialRviz/include>
-- Configured cppcheck exclude dirs and/or files: 
-- Added test 'lint_cmake' to check CMake code style
-- Added test 'uncrustify' to check C / C++ code style
-- Configured uncrustify additional arguments: 
-- Added test 'xmllint' to check XML markup files
-- Configuring done
-- Generating done
-- Build files have been written to: /home/kargla/SerialRviz/build/serialRviz
[ 50%] [32mBuilding CXX object CMakeFiles/serialRviz.dir/src/serialRviz.cpp.o[0m
[100%] [32m[1mLinking CXX executable serialRviz[0m
[100%] Built target serialRviz
-- Install configuration: ""
-- Installing: /home/kargla/SerialRviz/install/serialRviz/lib/serialRviz/serialRviz
-- Installing: /home/kargla/SerialRviz/install/serialRviz/share/ament_index/resource_index/package_run_dependencies/serialRviz
-- Installing: /home/kargla/SerialRviz/install/serialRviz/share/ament_index/resource_index/parent_prefix_path/serialRviz
-- Installing: /home/kargla/SerialRviz/install/serialRviz/share/serialRviz/environment/ament_prefix_path.sh
-- Installing: /home/kargla/SerialRviz/install/serialRviz/share/serialRviz/environment/ament_prefix_path.dsv
-- Installing: /home/kargla/SerialRviz/install/serialRviz/share/serialRviz/environment/path.sh
-- Installing: /home/kargla/SerialRviz/install/serialRviz/share/serialRviz/environment/path.dsv
-- Installing: /home/kargla/SerialRviz/install/serialRviz/share/serialRviz/local_setup.bash
-- Installing: /home/kargla/SerialRviz/install/serialRviz/share/serialRviz/local_setup.sh
-- Installing: /home/kargla/SerialRviz/install/serialRviz/share/serialRviz/local_setup.zsh
-- Installing: /home/kargla/SerialRviz/install/serialRviz/share/serialRviz/local_setup.dsv
-- Installing: /home/kargla/SerialRviz/install/serialRviz/share/serialRviz/package.dsv
-- Installing: /home/kargla/SerialRviz/install/serialRviz/share/ament_index/resource_index/packages/serialRviz
-- Installing: /home/kargla/SerialRviz/install/serialRviz/share/serialRviz/cmake/serialRvizConfig.cmake
-- Installing: /home/kargla/SerialRviz/install/serialRviz/share/serialRviz/cmake/serialRvizConfig-version.cmake
-- Installing: /home/kargla/SerialRviz/install/serialRviz/share/serialRviz/package.xml
