running egg_info
writing ../build/serialRviz/serialRviz.egg-info/PKG-INFO
writing dependency_links to ../build/serialRviz/serialRviz.egg-info/dependency_links.txt
writing entry points to ../build/serialRviz/serialRviz.egg-info/entry_points.txt
writing requirements to ../build/serialRviz/serialRviz.egg-info/requires.txt
writing top-level names to ../build/serialRviz/serialRviz.egg-info/top_level.txt
reading manifest file '../build/serialRviz/serialRviz.egg-info/SOURCES.txt'
adding license file 'LICENSE'
writing manifest file '../build/serialRviz/serialRviz.egg-info/SOURCES.txt'
running build
running build_py
copying serialRviz/serial_rviz.py -> /home/kargla/SerialRviz/src/build/serialRviz/build/lib/serialRviz
running install
running install_lib
copying /home/kargla/SerialRviz/src/build/serialRviz/build/lib/serialRviz/serial_rviz.py -> /home/kargla/SerialRviz/src/install/serialRviz/lib/python3.10/site-packages/serialRviz
byte-compiling /home/kargla/SerialRviz/src/install/serialRviz/lib/python3.10/site-packages/serialRviz/serial_rviz.py to serial_rviz.cpython-310.pyc
running install_data
running install_egg_info
removing '/home/kargla/SerialRviz/src/install/serialRviz/lib/python3.10/site-packages/serialRviz-0.0.0-py3.10.egg-info' (and everything under it)
Copying ../build/serialRviz/serialRviz.egg-info to /home/kargla/SerialRviz/src/install/serialRviz/lib/python3.10/site-packages/serialRviz-0.0.0-py3.10.egg-info
running install_scripts
Installing serial_rviz script to /home/kargla/SerialRviz/src/install/serialRviz/lib/serialRviz
writing list of installed files to '/home/kargla/SerialRviz/src/build/serialRviz/install.log'
